<?xml version="1.0" encoding="UTF-8"?>
<!-- Generated by org.testng.reporters.JUnitReportReporter -->
<testsuite hostname="DESKTOP-TOPC4IM" name="tests.SmokeTest" tests="1" failures="0" timestamp="3 Mar 2018 09:18:55 GMT" time="3.768" errors="0">
  <testcase name="searchTest" time="3.768" classname="tests.SmokeTest"/>
</testsuite> <!-- tests.SmokeTest -->
